<?xml version="1.0" encoding="UTF-8"?>
<testng-results ignored="0" total="2" passed="2" failed="0" skipped="0">
  <reporter-output>
  </reporter-output>
  <suite started-at="2024-03-20T08:03:49 IST" name="Default suite" finished-at="2024-03-20T08:04:19 IST" duration-ms="30449">
    <groups>
    </groups>
    <test started-at="2024-03-20T08:03:49 IST" name="Default test" finished-at="2024-03-20T08:04:19 IST" duration-ms="30449">
      <class name="Framework.test.textBoxs_test">
        <test-method is-config="true" signature="startReport()[pri:0, instance:Framework.test.textBoxs_test@6bbe85a8]" started-at="2024-03-20T08:03:48 IST" name="startReport" finished-at="2024-03-20T08:03:49 IST" duration-ms="859" status="PASS">
          <reporter-output>
          </reporter-output>
        </test-method> <!-- startReport -->
        <test-method is-config="true" signature="textboxs_test_second()[pri:0, instance:Framework.test.textBoxs_test@6bbe85a8]" started-at="2024-03-20T08:03:49 IST" name="textboxs_test_second" finished-at="2024-03-20T08:04:14 IST" duration-ms="24832" status="PASS">
          <reporter-output>
          </reporter-output>
        </test-method> <!-- textboxs_test_second -->
        <test-method signature="textboxs_test_third()[pri:1, instance:Framework.test.textBoxs_test@6bbe85a8]" started-at="2024-03-20T08:04:14 IST" name="textboxs_test_third" finished-at="2024-03-20T08:04:17 IST" duration-ms="2870" status="PASS">
          <reporter-output>
          </reporter-output>
        </test-method> <!-- textboxs_test_third -->
        <test-method is-config="true" signature="getresult(org.testng.ITestResult)[pri:0, instance:Framework.test.textBoxs_test@6bbe85a8]" started-at="2024-03-20T08:04:17 IST" name="getresult" finished-at="2024-03-20T08:04:17 IST" duration-ms="40" status="PASS">
          <params>
            <param index="0">
              <value>
                <![CDATA[[TestResult name=textboxs_test_third status=SUCCESS method=textBoxs_test.textboxs_test_third()[pri:1, instance:Framework.test.textBoxs_test@6bbe85a8] output={null}]]]>
              </value>
            </param>
          </params>
          <reporter-output>
          </reporter-output>
        </test-method> <!-- getresult -->
        <test-method signature="textboxs_test_fourth()[pri:2, instance:Framework.test.textBoxs_test@6bbe85a8]" started-at="2024-03-20T08:04:17 IST" name="textboxs_test_fourth" finished-at="2024-03-20T08:04:17 IST" duration-ms="444" status="PASS">
          <reporter-output>
          </reporter-output>
        </test-method> <!-- textboxs_test_fourth -->
        <test-method is-config="true" signature="getresult(org.testng.ITestResult)[pri:0, instance:Framework.test.textBoxs_test@6bbe85a8]" started-at="2024-03-20T08:04:17 IST" name="getresult" finished-at="2024-03-20T08:04:17 IST" duration-ms="4" status="PASS">
          <params>
            <param index="0">
              <value>
                <![CDATA[[TestResult name=textboxs_test_fourth status=SUCCESS method=textBoxs_test.textboxs_test_fourth()[pri:2, instance:Framework.test.textBoxs_test@6bbe85a8] output={null}]]]>
              </value>
            </param>
          </params>
          <reporter-output>
          </reporter-output>
        </test-method> <!-- getresult -->
        <test-method is-config="true" signature="teardown()[pri:0, instance:Framework.test.textBoxs_test@6bbe85a8]" started-at="2024-03-20T08:04:17 IST" name="teardown" finished-at="2024-03-20T08:04:19 IST" duration-ms="2133" status="PASS">
          <reporter-output>
          </reporter-output>
        </test-method> <!-- teardown -->
      </class> <!-- Framework.test.textBoxs_test -->
    </test> <!-- Default test -->
  </suite> <!-- Default suite -->
</testng-results>
